<?xml version="1.0" encoding="UTF-8"?>
<testng-results ignored="0" total="1" passed="1" failed="0" skipped="0">
  <reporter-output>
  </reporter-output>
  <suite started-at="2021-06-05T13:55:02 IST" name="Default suite" finished-at="2021-06-05T13:55:57 IST" duration-ms="55570">
    <groups>
    </groups>
    <test started-at="2021-06-05T13:55:02 IST" name="Default test" finished-at="2021-06-05T13:55:57 IST" duration-ms="55570">
      <class name="Imriel.TestScenario3">
        <test-method is-config="true" signature="driver()[pri:0, instance:Imriel.TestScenario3@48ae9b55]" started-at="2021-06-05T13:55:02 IST" name="driver" finished-at="2021-06-05T13:55:49 IST" duration-ms="47379" status="PASS">
          <reporter-output>
          </reporter-output>
        </test-method> <!-- driver -->
        <test-method signature="method()[pri:0, instance:Imriel.TestScenario3@48ae9b55]" started-at="2021-06-05T13:55:49 IST" name="method" finished-at="2021-06-05T13:55:57 IST" duration-ms="8044" status="PASS">
          <reporter-output>
          </reporter-output>
        </test-method> <!-- method -->
      </class> <!-- Imriel.TestScenario3 -->
    </test> <!-- Default test -->
  </suite> <!-- Default suite -->
</testng-results>
